<?xml version="1.0" encoding="UTF-8"?>
<testsuite xmlns:xsi="http://www.w3.org/2001/XMLSchema-instance" xsi:noNamespaceSchemaLocation="https://maven.apache.org/surefire/maven-surefire-plugin/xsd/surefire-test-report.xsd" name="TestSuite" time="14.311" tests="96" errors="0" skipped="95" failures="1">
  <properties>
    <property name="sun.desktop" value="windows"/>
    <property name="awt.toolkit" value="sun.awt.windows.WToolkit"/>
    <property name="java.specification.version" value="9"/>
    <property name="file.encoding.pkg" value="sun.io"/>
    <property name="sun.cpu.isalist" value="amd64"/>
    <property name="sun.jnu.encoding" value="Cp1252"/>
    <property name="java.class.path" value="C:\Users\Rabeka\IdeaProjects\Team_3_Mobile_Automation_Framework_Project\GoogleMap\target\test-classes;C:\Users\Rabeka\IdeaProjects\Team_3_Mobile_Automation_Framework_Project\GoogleMap\target\classes;C:\Users\Rabeka\IdeaProjects\Team_3_Mobile_Automation_Framework_Project\Generic\target\classes;C:\Users\Rabeka\.m2\repository\org\testng\testng\6.9.10\testng-6.9.10.jar;C:\Users\Rabeka\.m2\repository\com\beust\jcommander\1.48\jcommander-1.48.jar;C:\Users\Rabeka\.m2\repository\org\beanshell\bsh\2.0b4\bsh-2.0b4.jar;C:\Users\Rabeka\.m2\repository\io\appium\java-client\2.1.0\java-client-2.1.0.jar;C:\Users\Rabeka\.m2\repository\com\google\code\gson\gson\2.2.4\gson-2.2.4.jar;C:\Users\Rabeka\.m2\repository\org\seleniumhq\selenium\selenium-java\2.43.1\selenium-java-2.43.1.jar;C:\Users\Rabeka\.m2\repository\org\seleniumhq\selenium\selenium-chrome-driver\2.43.1\selenium-chrome-driver-2.43.1.jar;C:\Users\Rabeka\.m2\repository\org\seleniumhq\selenium\selenium-remote-driver\2.43.1\selenium-remote-driver-2.43.1.jar;C:\Users\Rabeka\.m2\repository\cglib\cglib-nodep\2.1_3\cglib-nodep-2.1_3.jar;C:\Users\Rabeka\.m2\repository\org\seleniumhq\selenium\selenium-api\2.43.1\selenium-api-2.43.1.jar;C:\Users\Rabeka\.m2\repository\org\seleniumhq\selenium\selenium-htmlunit-driver\2.43.1\selenium-htmlunit-driver-2.43.1.jar;C:\Users\Rabeka\.m2\repository\net\sourceforge\htmlunit\htmlunit\2.15\htmlunit-2.15.jar;C:\Users\Rabeka\.m2\repository\xalan\xalan\2.7.1\xalan-2.7.1.jar;C:\Users\Rabeka\.m2\repository\xalan\serializer\2.7.1\serializer-2.7.1.jar;C:\Users\Rabeka\.m2\repository\commons-collections\commons-collections\3.2.1\commons-collections-3.2.1.jar;C:\Users\Rabeka\.m2\repository\org\apache\commons\commons-lang3\3.3.2\commons-lang3-3.3.2.jar;C:\Users\Rabeka\.m2\repository\org\apache\httpcomponents\httpmime\4.3.3\httpmime-4.3.3.jar;C:\Users\Rabeka\.m2\repository\net\sourceforge\htmlunit\htmlunit-core-js\2.15\htmlunit-core-js-2.15.jar;C:\Users\Rabeka\.m2\repository\xerces\xercesImpl\2.11.0\xercesImpl-2.11.0.jar;C:\Users\Rabeka\.m2\repository\xml-apis\xml-apis\1.4.01\xml-apis-1.4.01.jar;C:\Users\Rabeka\.m2\repository\net\sourceforge\nekohtml\nekohtml\1.9.21\nekohtml-1.9.21.jar;C:\Users\Rabeka\.m2\repository\net\sourceforge\cssparser\cssparser\0.9.14\cssparser-0.9.14.jar;C:\Users\Rabeka\.m2\repository\org\w3c\css\sac\1.3\sac-1.3.jar;C:\Users\Rabeka\.m2\repository\org\eclipse\jetty\jetty-websocket\8.1.15.v20140411\jetty-websocket-8.1.15.v20140411.jar;C:\Users\Rabeka\.m2\repository\org\eclipse\jetty\jetty-util\8.1.15.v20140411\jetty-util-8.1.15.v20140411.jar;C:\Users\Rabeka\.m2\repository\org\eclipse\jetty\jetty-io\8.1.15.v20140411\jetty-io-8.1.15.v20140411.jar;C:\Users\Rabeka\.m2\repository\org\eclipse\jetty\jetty-http\8.1.15.v20140411\jetty-http-8.1.15.v20140411.jar;C:\Users\Rabeka\.m2\repository\org\seleniumhq\selenium\selenium-firefox-driver\2.43.1\selenium-firefox-driver-2.43.1.jar;C:\Users\Rabeka\.m2\repository\commons-io\commons-io\2.4\commons-io-2.4.jar;C:\Users\Rabeka\.m2\repository\org\apache\commons\commons-exec\1.1\commons-exec-1.1.jar;C:\Users\Rabeka\.m2\repository\org\seleniumhq\selenium\selenium-ie-driver\2.43.1\selenium-ie-driver-2.43.1.jar;C:\Users\Rabeka\.m2\repository\net\java\dev\jna\jna\3.4.0\jna-3.4.0.jar;C:\Users\Rabeka\.m2\repository\net\java\dev\jna\platform\3.4.0\platform-3.4.0.jar;C:\Users\Rabeka\.m2\repository\org\seleniumhq\selenium\selenium-safari-driver\2.43.1\selenium-safari-driver-2.43.1.jar;C:\Users\Rabeka\.m2\repository\org\seleniumhq\selenium\selenium-support\2.43.1\selenium-support-2.43.1.jar;C:\Users\Rabeka\.m2\repository\org\webbitserver\webbit\0.4.15\webbit-0.4.15.jar;C:\Users\Rabeka\.m2\repository\io\netty\netty\3.5.5.Final\netty-3.5.5.Final.jar;C:\Users\Rabeka\.m2\repository\junit\junit\4.11\junit-4.11.jar;C:\Users\Rabeka\.m2\repository\org\hamcrest\hamcrest-core\1.3\hamcrest-core-1.3.jar;C:\Users\Rabeka\.m2\repository\org\apache\httpcomponents\httpclient\4.3.3\httpclient-4.3.3.jar;C:\Users\Rabeka\.m2\repository\org\apache\httpcomponents\httpcore\4.3.2\httpcore-4.3.2.jar;C:\Users\Rabeka\.m2\repository\commons-logging\commons-logging\1.1.3\commons-logging-1.1.3.jar;C:\Users\Rabeka\.m2\repository\commons-codec\commons-codec\1.6\commons-codec-1.6.jar;C:\Users\Rabeka\.m2\repository\com\google\guava\guava\17.0\guava-17.0.jar;C:\Users\Rabeka\.m2\repository\cglib\cglib\3.1\cglib-3.1.jar;C:\Users\Rabeka\.m2\repository\org\ow2\asm\asm\4.2\asm-4.2.jar;C:\Users\Rabeka\.m2\repository\org\json\json\20160212\json-20160212.jar;C:\Users\Rabeka\.m2\repository\com\googlecode\json-simple\json-simple\1.1.1\json-simple-1.1.1.jar;C:\Users\Rabeka\.m2\repository\org\apache\maven\surefire\common-java5\2.16\common-java5-2.16.jar;C:\Users\Rabeka\.m2\repository\org\apache\maven\surefire\surefire-api\2.16\surefire-api-2.16.jar;C:\Users\Rabeka\.m2\repository\org\jsoup\jsoup\1.8.3\jsoup-1.8.3.jar;C:\Users\Rabeka\.m2\repository\com\relevantcodes\extentreports\2.41.1\extentreports-2.41.1.jar;C:\Users\Rabeka\.m2\repository\org\xerial\sqlite-jdbc\3.8.11.1\sqlite-jdbc-3.8.11.1.jar;C:\Users\Rabeka\.m2\repository\org\freemarker\freemarker\2.3.23\freemarker-2.3.23.jar;C:\Users\Rabeka\.m2\repository\org\mongodb\mongodb-driver\3.0.4\mongodb-driver-3.0.4.jar;C:\Users\Rabeka\.m2\repository\org\mongodb\bson\3.0.4\bson-3.0.4.jar;C:\Users\Rabeka\.m2\repository\org\mongodb\mongodb-driver-core\3.0.4\mongodb-driver-core-3.0.4.jar;C:\Users\Rabeka\.m2\repository\commons-lang\commons-lang\2.6\commons-lang-2.6.jar;C:\Users\Rabeka\.m2\repository\org\apache\maven\surefire\surefire-testng-utils\2.20.1\surefire-testng-utils-2.20.1.jar;C:\Users\Rabeka\.m2\repository\org\apache\maven\surefire\surefire-grouper\2.20.1\surefire-grouper-2.20.1.jar;"/>
    <property name="java.vm.vendor" value="Oracle Corporation"/>
    <property name="sun.arch.data.model" value="64"/>
    <property name="user.variant" value=""/>
    <property name="java.vendor.url" value="http://java.oracle.com/"/>
    <property name="user.timezone" value=""/>
    <property name="java.vm.specification.version" value="9"/>
    <property name="os.name" value="Windows 10"/>
    <property name="sun.java.launcher" value="SUN_STANDARD"/>
    <property name="user.country" value="US"/>
    <property name="sun.boot.library.path" value="C:\Program Files\Java\jdk-9.0.1\bin"/>
    <property name="sun.java.command" value="C:\Users\Rabeka\AppData\Local\Temp\surefire5983290854065799905\surefirebooter18008432768000997785.jar C:\Users\Rabeka\AppData\Local\Temp\surefire5983290854065799905 2018-01-20T01-15-36_729-jvmRun1 surefire15494889385132473478tmp surefire_015381613445674475981tmp"/>
    <property name="jdk.debug" value="release"/>
    <property name="surefire.test.class.path" value="C:\Users\Rabeka\IdeaProjects\Team_3_Mobile_Automation_Framework_Project\GoogleMap\target\test-classes;C:\Users\Rabeka\IdeaProjects\Team_3_Mobile_Automation_Framework_Project\GoogleMap\target\classes;C:\Users\Rabeka\IdeaProjects\Team_3_Mobile_Automation_Framework_Project\Generic\target\classes;C:\Users\Rabeka\.m2\repository\org\testng\testng\6.9.10\testng-6.9.10.jar;C:\Users\Rabeka\.m2\repository\com\beust\jcommander\1.48\jcommander-1.48.jar;C:\Users\Rabeka\.m2\repository\org\beanshell\bsh\2.0b4\bsh-2.0b4.jar;C:\Users\Rabeka\.m2\repository\io\appium\java-client\2.1.0\java-client-2.1.0.jar;C:\Users\Rabeka\.m2\repository\com\google\code\gson\gson\2.2.4\gson-2.2.4.jar;C:\Users\Rabeka\.m2\repository\org\seleniumhq\selenium\selenium-java\2.43.1\selenium-java-2.43.1.jar;C:\Users\Rabeka\.m2\repository\org\seleniumhq\selenium\selenium-chrome-driver\2.43.1\selenium-chrome-driver-2.43.1.jar;C:\Users\Rabeka\.m2\repository\org\seleniumhq\selenium\selenium-remote-driver\2.43.1\selenium-remote-driver-2.43.1.jar;C:\Users\Rabeka\.m2\repository\cglib\cglib-nodep\2.1_3\cglib-nodep-2.1_3.jar;C:\Users\Rabeka\.m2\repository\org\seleniumhq\selenium\selenium-api\2.43.1\selenium-api-2.43.1.jar;C:\Users\Rabeka\.m2\repository\org\seleniumhq\selenium\selenium-htmlunit-driver\2.43.1\selenium-htmlunit-driver-2.43.1.jar;C:\Users\Rabeka\.m2\repository\net\sourceforge\htmlunit\htmlunit\2.15\htmlunit-2.15.jar;C:\Users\Rabeka\.m2\repository\xalan\xalan\2.7.1\xalan-2.7.1.jar;C:\Users\Rabeka\.m2\repository\xalan\serializer\2.7.1\serializer-2.7.1.jar;C:\Users\Rabeka\.m2\repository\commons-collections\commons-collections\3.2.1\commons-collections-3.2.1.jar;C:\Users\Rabeka\.m2\repository\org\apache\commons\commons-lang3\3.3.2\commons-lang3-3.3.2.jar;C:\Users\Rabeka\.m2\repository\org\apache\httpcomponents\httpmime\4.3.3\httpmime-4.3.3.jar;C:\Users\Rabeka\.m2\repository\net\sourceforge\htmlunit\htmlunit-core-js\2.15\htmlunit-core-js-2.15.jar;C:\Users\Rabeka\.m2\repository\xerces\xercesImpl\2.11.0\xercesImpl-2.11.0.jar;C:\Users\Rabeka\.m2\repository\xml-apis\xml-apis\1.4.01\xml-apis-1.4.01.jar;C:\Users\Rabeka\.m2\repository\net\sourceforge\nekohtml\nekohtml\1.9.21\nekohtml-1.9.21.jar;C:\Users\Rabeka\.m2\repository\net\sourceforge\cssparser\cssparser\0.9.14\cssparser-0.9.14.jar;C:\Users\Rabeka\.m2\repository\org\w3c\css\sac\1.3\sac-1.3.jar;C:\Users\Rabeka\.m2\repository\org\eclipse\jetty\jetty-websocket\8.1.15.v20140411\jetty-websocket-8.1.15.v20140411.jar;C:\Users\Rabeka\.m2\repository\org\eclipse\jetty\jetty-util\8.1.15.v20140411\jetty-util-8.1.15.v20140411.jar;C:\Users\Rabeka\.m2\repository\org\eclipse\jetty\jetty-io\8.1.15.v20140411\jetty-io-8.1.15.v20140411.jar;C:\Users\Rabeka\.m2\repository\org\eclipse\jetty\jetty-http\8.1.15.v20140411\jetty-http-8.1.15.v20140411.jar;C:\Users\Rabeka\.m2\repository\org\seleniumhq\selenium\selenium-firefox-driver\2.43.1\selenium-firefox-driver-2.43.1.jar;C:\Users\Rabeka\.m2\repository\commons-io\commons-io\2.4\commons-io-2.4.jar;C:\Users\Rabeka\.m2\repository\org\apache\commons\commons-exec\1.1\commons-exec-1.1.jar;C:\Users\Rabeka\.m2\repository\org\seleniumhq\selenium\selenium-ie-driver\2.43.1\selenium-ie-driver-2.43.1.jar;C:\Users\Rabeka\.m2\repository\net\java\dev\jna\jna\3.4.0\jna-3.4.0.jar;C:\Users\Rabeka\.m2\repository\net\java\dev\jna\platform\3.4.0\platform-3.4.0.jar;C:\Users\Rabeka\.m2\repository\org\seleniumhq\selenium\selenium-safari-driver\2.43.1\selenium-safari-driver-2.43.1.jar;C:\Users\Rabeka\.m2\repository\org\seleniumhq\selenium\selenium-support\2.43.1\selenium-support-2.43.1.jar;C:\Users\Rabeka\.m2\repository\org\webbitserver\webbit\0.4.15\webbit-0.4.15.jar;C:\Users\Rabeka\.m2\repository\io\netty\netty\3.5.5.Final\netty-3.5.5.Final.jar;C:\Users\Rabeka\.m2\repository\junit\junit\4.11\junit-4.11.jar;C:\Users\Rabeka\.m2\repository\org\hamcrest\hamcrest-core\1.3\hamcrest-core-1.3.jar;C:\Users\Rabeka\.m2\repository\org\apache\httpcomponents\httpclient\4.3.3\httpclient-4.3.3.jar;C:\Users\Rabeka\.m2\repository\org\apache\httpcomponents\httpcore\4.3.2\httpcore-4.3.2.jar;C:\Users\Rabeka\.m2\repository\commons-logging\commons-logging\1.1.3\commons-logging-1.1.3.jar;C:\Users\Rabeka\.m2\repository\commons-codec\commons-codec\1.6\commons-codec-1.6.jar;C:\Users\Rabeka\.m2\repository\com\google\guava\guava\17.0\guava-17.0.jar;C:\Users\Rabeka\.m2\repository\cglib\cglib\3.1\cglib-3.1.jar;C:\Users\Rabeka\.m2\repository\org\ow2\asm\asm\4.2\asm-4.2.jar;C:\Users\Rabeka\.m2\repository\org\json\json\20160212\json-20160212.jar;C:\Users\Rabeka\.m2\repository\com\googlecode\json-simple\json-simple\1.1.1\json-simple-1.1.1.jar;C:\Users\Rabeka\.m2\repository\org\apache\maven\surefire\common-java5\2.16\common-java5-2.16.jar;C:\Users\Rabeka\.m2\repository\org\apache\maven\surefire\surefire-api\2.16\surefire-api-2.16.jar;C:\Users\Rabeka\.m2\repository\org\jsoup\jsoup\1.8.3\jsoup-1.8.3.jar;C:\Users\Rabeka\.m2\repository\com\relevantcodes\extentreports\2.41.1\extentreports-2.41.1.jar;C:\Users\Rabeka\.m2\repository\org\xerial\sqlite-jdbc\3.8.11.1\sqlite-jdbc-3.8.11.1.jar;C:\Users\Rabeka\.m2\repository\org\freemarker\freemarker\2.3.23\freemarker-2.3.23.jar;C:\Users\Rabeka\.m2\repository\org\mongodb\mongodb-driver\3.0.4\mongodb-driver-3.0.4.jar;C:\Users\Rabeka\.m2\repository\org\mongodb\bson\3.0.4\bson-3.0.4.jar;C:\Users\Rabeka\.m2\repository\org\mongodb\mongodb-driver-core\3.0.4\mongodb-driver-core-3.0.4.jar;C:\Users\Rabeka\.m2\repository\commons-lang\commons-lang\2.6\commons-lang-2.6.jar;C:\Users\Rabeka\.m2\repository\org\apache\maven\surefire\surefire-testng-utils\2.20.1\surefire-testng-utils-2.20.1.jar;C:\Users\Rabeka\.m2\repository\org\apache\maven\surefire\surefire-grouper\2.20.1\surefire-grouper-2.20.1.jar;"/>
    <property name="sun.cpu.endian" value="little"/>
    <property name="user.home" value="C:\Users\Rabeka"/>
    <property name="user.language" value="en"/>
    <property name="java.specification.vendor" value="Oracle Corporation"/>
    <property name="java.home" value="C:\Program Files\Java\jdk-9.0.1"/>
    <property name="file.separator" value="\"/>
    <property name="basedir" value="C:\Users\Rabeka\IdeaProjects\Team_3_Mobile_Automation_Framework_Project\GoogleMap"/>
    <property name="java.vm.compressedOopsMode" value="Zero based"/>
    <property name="line.separator" value="&#10;"/>
    <property name="java.vm.specification.vendor" value="Oracle Corporation"/>
    <property name="java.specification.name" value="Java Platform API Specification"/>
    <property name="java.awt.graphicsenv" value="sun.awt.Win32GraphicsEnvironment"/>
    <property name="surefire.real.class.path" value="C:\Users\Rabeka\AppData\Local\Temp\surefire5983290854065799905\surefirebooter18008432768000997785.jar"/>
    <property name="user.script" value=""/>
    <property name="sun.management.compiler" value="HotSpot 64-Bit Tiered Compilers"/>
    <property name="java.runtime.version" value="9.0.1+11"/>
    <property name="user.name" value="Jahidul"/>
    <property name="path.separator" value=";"/>
    <property name="os.version" value="10.0"/>
    <property name="java.runtime.name" value="Java(TM) SE Runtime Environment"/>
    <property name="file.encoding" value="Cp1252"/>
    <property name="java.vm.name" value="Java HotSpot(TM) 64-Bit Server VM"/>
    <property name="localRepository" value="C:\Users\Rabeka\.m2\repository"/>
    <property name="java.vendor.url.bug" value="http://bugreport.java.com/bugreport/"/>
    <property name="java.io.tmpdir" value="C:\Users\Rabeka\AppData\Local\Temp\"/>
    <property name="idea.version" value="2017.3.2"/>
    <property name="java.version" value="9.0.1"/>
    <property name="user.dir" value="C:\Users\Rabeka\IdeaProjects\Team_3_Mobile_Automation_Framework_Project\GoogleMap"/>
    <property name="os.arch" value="amd64"/>
    <property name="java.vm.specification.name" value="Java Virtual Machine Specification"/>
    <property name="java.awt.printerjob" value="sun.awt.windows.WPrinterJob"/>
    <property name="sun.os.patch.level" value=""/>
    <property name="java.library.path" value="C:\Program Files\Java\jdk-9.0.1\bin;C:\WINDOWS\Sun\Java\bin;C:\WINDOWS\system32;C:\WINDOWS;C:\WINDOWS\system32;C:\WINDOWS;C:\WINDOWS\System32\Wbem;C:\WINDOWS\System32\WindowsPowerShell\v1.0\;C:\Program Files\Microsoft SQL Server\110\Tools\Binn\;C:\Program Files (x86)\Microsoft SQL Server\110\Tools\Binn\;C:\Program Files\Microsoft SQL Server\110\DTS\Binn\;C:\Program Files (x86)\Microsoft SQL Server\110\Tools\Binn\ManagementStudio\;C:\Program Files (x86)\Microsoft Visual Studio 10.0\Common7\IDE\PrivateAssemblies\;C:\Program Files (x86)\Microsoft SQL Server\110\DTS\Binn\;C:\Program Files (x86)\Skype\Phone\;C:\Program Files\Git\cmd;C:\Program Files\MongoDB\Server\3.6\bin;C:\geckodriver-v0.19.1-win64;C:\chromedriver_win32;C:\Users\Rabeka\eclipse-workspace-November2017\SeleniumFirstProject\lib\geckodriver-v0.19.1-win64\geckodriver.exe;E:\Software\Maven\apache-maven-3.5.2-bin\apache-maven-3.5.2\bin;C:\Program Files\Java\jdk1.8.0_151\bin;C:\Program Files\nodejs\;C:\Users\Rabeka\AppData\Local\Android\Sdk\platform-tools;C:\Users\Rabeka\AppData\Local\Android\Sdk\tools;C:\Users\Rabeka\AppData\Local\Android\Sdk\tools\bin;C:\Users\Rabeka\AppData\Local\Microsoft\WindowsApps;C:\Program Files\MongoDB\Server\3.6\bin;C:\chromedriver_win32;C:\Users\geckodriver.exe;C:\Users\Rabeka\AppData\Roaming\npm;."/>
    <property name="java.vm.info" value="mixed mode"/>
    <property name="java.vendor" value="Oracle Corporation"/>
    <property name="java.vm.version" value="9.0.1+11"/>
    <property name="sun.io.unicode.encoding" value="UnicodeLittle"/>
    <property name="java.class.version" value="53.0"/>
  </properties>
  <testcase name="setUp" classname="testCases.testHomePage" time="11.921">
    <failure message="Could not start a new session. Possible causes are invalid address of the remote server or browser start-up failure.&#10;Build info: version: &apos;2.43.1&apos;, revision: &apos;5163bceef1bc36d43f3dc0b83c88998168a363a0&apos;, time: &apos;2014-09-10 09:43:55&apos;&#10;System info: host: &apos;Jahid&apos;, ip: &apos;192.168.91.2&apos;, os.name: &apos;Windows 10&apos;, os.arch: &apos;amd64&apos;, os.version: &apos;10.0&apos;, java.version: &apos;9.0.1&apos;&#10;Driver info: driver.version: AndroidDriver" type="org.openqa.selenium.remote.UnreachableBrowserException"><![CDATA[org.openqa.selenium.remote.UnreachableBrowserException: Could not start a new session. Possible causes are invalid address of the remote server or browser start-up failure.
Build info: version: '2.43.1', revision: '5163bceef1bc36d43f3dc0b83c88998168a363a0', time: '2014-09-10 09:43:55'
System info: host: 'Jahid', ip: '192.168.91.2', os.name: 'Windows 10', os.arch: 'amd64', os.version: '10.0', java.version: '9.0.1'
Driver info: driver.version: AndroidDriver
	at org.openqa.selenium.remote.RemoteWebDriver.execute(RemoteWebDriver.java:593)
	at io.appium.java_client.AppiumDriver.execute(AppiumDriver.java:180)
	at org.openqa.selenium.remote.RemoteWebDriver.startSession(RemoteWebDriver.java:240)
	at org.openqa.selenium.remote.RemoteWebDriver.<init>(RemoteWebDriver.java:126)
	at org.openqa.selenium.remote.RemoteWebDriver.<init>(RemoteWebDriver.java:153)
	at io.appium.java_client.AppiumDriver.<init>(AppiumDriver.java:109)
	at io.appium.java_client.android.AndroidDriver.<init>(AndroidDriver.java:39)
	at base.MobileAPI.setUpAndroidEnv(MobileAPI.java:172)
	at base.MobileAPI.setUp(MobileAPI.java:141)
	at java.base/jdk.internal.reflect.NativeMethodAccessorImpl.invoke0(Native Method)
	at java.base/jdk.internal.reflect.NativeMethodAccessorImpl.invoke(NativeMethodAccessorImpl.java:62)
	at java.base/jdk.internal.reflect.DelegatingMethodAccessorImpl.invoke(DelegatingMethodAccessorImpl.java:43)
	at java.base/java.lang.reflect.Method.invoke(Method.java:564)
	at org.testng.internal.MethodInvocationHelper.invokeMethod(MethodInvocationHelper.java:86)
	at org.testng.internal.Invoker.invokeConfigurationMethod(Invoker.java:514)
	at org.testng.internal.Invoker.invokeConfigurations(Invoker.java:215)
	at org.testng.internal.Invoker.invokeMethod(Invoker.java:589)
	at org.testng.internal.Invoker.invokeTestMethod(Invoker.java:820)
	at org.testng.internal.Invoker.invokeTestMethods(Invoker.java:1128)
	at org.testng.internal.TestMethodWorker.invokeTestMethods(TestMethodWorker.java:129)
	at org.testng.internal.TestMethodWorker.run(TestMethodWorker.java:112)
	at org.testng.TestRunner.privateRun(TestRunner.java:782)
	at org.testng.TestRunner.run(TestRunner.java:632)
	at org.testng.SuiteRunner.runTest(SuiteRunner.java:366)
	at org.testng.SuiteRunner.runSequentially(SuiteRunner.java:361)
	at org.testng.SuiteRunner.privateRun(SuiteRunner.java:319)
	at org.testng.SuiteRunner.run(SuiteRunner.java:268)
	at org.testng.SuiteRunnerWorker.runSuite(SuiteRunnerWorker.java:52)
	at org.testng.SuiteRunnerWorker.run(SuiteRunnerWorker.java:86)
	at org.testng.TestNG.runSuitesSequentially(TestNG.java:1244)
	at org.testng.TestNG.runSuitesLocally(TestNG.java:1169)
	at org.testng.TestNG.run(TestNG.java:1064)
	at org.apache.maven.surefire.testng.TestNGExecutor.run(TestNGExecutor.java:283)
	at org.apache.maven.surefire.testng.TestNGXmlTestSuite.execute(TestNGXmlTestSuite.java:75)
	at org.apache.maven.surefire.testng.TestNGProvider.invoke(TestNGProvider.java:120)
	at org.apache.maven.surefire.booter.ForkedBooter.invokeProviderInSameClassLoader(ForkedBooter.java:373)
	at org.apache.maven.surefire.booter.ForkedBooter.runSuitesInProcess(ForkedBooter.java:334)
	at org.apache.maven.surefire.booter.ForkedBooter.execute(ForkedBooter.java:119)
	at org.apache.maven.surefire.booter.ForkedBooter.main(ForkedBooter.java:407)
Caused by: org.apache.http.conn.HttpHostConnectException: Connect to 127.0.0.1:4723 [/127.0.0.1] failed: Connection refused: connect
	at org.apache.http.impl.conn.HttpClientConnectionOperator.connect(HttpClientConnectionOperator.java:140)
	at org.apache.http.impl.conn.PoolingHttpClientConnectionManager.connect(PoolingHttpClientConnectionManager.java:314)
	at org.apache.http.impl.execchain.MainClientExec.establishRoute(MainClientExec.java:363)
	at org.apache.http.impl.execchain.MainClientExec.execute(MainClientExec.java:219)
	at org.apache.http.impl.execchain.ProtocolExec.execute(ProtocolExec.java:195)
	at org.apache.http.impl.execchain.RetryExec.execute(RetryExec.java:86)
	at org.apache.http.impl.execchain.RedirectExec.execute(RedirectExec.java:108)
	at org.apache.http.impl.client.InternalHttpClient.doExecute(InternalHttpClient.java:186)
	at org.apache.http.impl.client.CloseableHttpClient.execute(CloseableHttpClient.java:72)
	at org.apache.http.impl.client.CloseableHttpClient.execute(CloseableHttpClient.java:57)
	at org.openqa.selenium.remote.HttpCommandExecutor.fallBackExecute(HttpCommandExecutor.java:215)
	at org.openqa.selenium.remote.HttpCommandExecutor.execute(HttpCommandExecutor.java:184)
	at org.openqa.selenium.remote.RemoteWebDriver.execute(RemoteWebDriver.java:572)
	at io.appium.java_client.AppiumDriver.execute(AppiumDriver.java:180)
	at org.openqa.selenium.remote.RemoteWebDriver.startSession(RemoteWebDriver.java:240)
	at org.openqa.selenium.remote.RemoteWebDriver.<init>(RemoteWebDriver.java:126)
	at org.openqa.selenium.remote.RemoteWebDriver.<init>(RemoteWebDriver.java:153)
	at io.appium.java_client.AppiumDriver.<init>(AppiumDriver.java:109)
	at io.appium.java_client.android.AndroidDriver.<init>(AndroidDriver.java:39)
	at base.MobileAPI.setUpAndroidEnv(MobileAPI.java:172)
	at base.MobileAPI.setUp(MobileAPI.java:141)
	at java.base/jdk.internal.reflect.NativeMethodAccessorImpl.invoke0(Native Method)
	at java.base/jdk.internal.reflect.NativeMethodAccessorImpl.invoke(NativeMethodAccessorImpl.java:62)
	at java.base/jdk.internal.reflect.DelegatingMethodAccessorImpl.invoke(DelegatingMethodAccessorImpl.java:43)
	at java.base/java.lang.reflect.Method.invoke(Method.java:564)
	at org.testng.internal.MethodInvocationHelper.invokeMethod(MethodInvocationHelper.java:86)
	at org.testng.internal.Invoker.invokeConfigurationMethod(Invoker.java:514)
	at org.testng.internal.Invoker.invokeConfigurations(Invoker.java:215)
	at org.testng.internal.Invoker.invokeMethod(Invoker.java:589)
	at org.testng.internal.Invoker.invokeTestMethod(Invoker.java:820)
	at org.testng.internal.Invoker.invokeTestMethods(Invoker.java:1128)
	at org.testng.internal.TestMethodWorker.invokeTestMethods(TestMethodWorker.java:129)
	at org.testng.internal.TestMethodWorker.run(TestMethodWorker.java:112)
	at org.testng.TestRunner.privateRun(TestRunner.java:782)
	at org.testng.TestRunner.run(TestRunner.java:632)
	at org.testng.SuiteRunner.runTest(SuiteRunner.java:366)
	at org.testng.SuiteRunner.runSequentially(SuiteRunner.java:361)
	at org.testng.SuiteRunner.privateRun(SuiteRunner.java:319)
	at org.testng.SuiteRunner.run(SuiteRunner.java:268)
	at org.testng.SuiteRunnerWorker.runSuite(SuiteRunnerWorker.java:52)
	at org.testng.SuiteRunnerWorker.run(SuiteRunnerWorker.java:86)
	at org.testng.TestNG.runSuitesSequentially(TestNG.java:1244)
	at org.testng.TestNG.runSuitesLocally(TestNG.java:1169)
	at org.testng.TestNG.run(TestNG.java:1064)
	at org.apache.maven.surefire.testng.TestNGExecutor.run(TestNGExecutor.java:283)
	at org.apache.maven.surefire.testng.TestNGXmlTestSuite.execute(TestNGXmlTestSuite.java:75)
	at org.apache.maven.surefire.testng.TestNGProvider.invoke(TestNGProvider.java:120)
	at org.apache.maven.surefire.booter.ForkedBooter.invokeProviderInSameClassLoader(ForkedBooter.java:373)
	at org.apache.maven.surefire.booter.ForkedBooter.runSuitesInProcess(ForkedBooter.java:334)
	at org.apache.maven.surefire.booter.ForkedBooter.execute(ForkedBooter.java:119)
	at org.apache.maven.surefire.booter.ForkedBooter.main(ForkedBooter.java:407)
Caused by: java.net.ConnectException: Connection refused: connect
	at java.base/java.net.DualStackPlainSocketImpl.waitForConnect(Native Method)
	at java.base/java.net.DualStackPlainSocketImpl.socketConnect(DualStackPlainSocketImpl.java:85)
	at java.base/java.net.AbstractPlainSocketImpl.doConnect(AbstractPlainSocketImpl.java:400)
	at java.base/java.net.AbstractPlainSocketImpl.connectToAddress(AbstractPlainSocketImpl.java:243)
	at java.base/java.net.AbstractPlainSocketImpl.connect(AbstractPlainSocketImpl.java:225)
	at java.base/java.net.PlainSocketImpl.connect(PlainSocketImpl.java:148)
	at java.base/java.net.SocksSocketImpl.connect(SocksSocketImpl.java:402)
	at java.base/java.net.Socket.connect(Socket.java:591)
	at org.apache.http.conn.socket.PlainConnectionSocketFactory.connectSocket(PlainConnectionSocketFactory.java:72)
	at org.apache.http.impl.conn.HttpClientConnectionOperator.connect(HttpClientConnectionOperator.java:117)
	at org.apache.http.impl.conn.PoolingHttpClientConnectionManager.connect(PoolingHttpClientConnectionManager.java:314)
	at org.apache.http.impl.execchain.MainClientExec.establishRoute(MainClientExec.java:363)
	at org.apache.http.impl.execchain.MainClientExec.execute(MainClientExec.java:219)
	at org.apache.http.impl.execchain.ProtocolExec.execute(ProtocolExec.java:195)
	at org.apache.http.impl.execchain.RetryExec.execute(RetryExec.java:86)
	at org.apache.http.impl.execchain.RedirectExec.execute(RedirectExec.java:108)
	at org.apache.http.impl.client.InternalHttpClient.doExecute(InternalHttpClient.java:186)
	at org.apache.http.impl.client.CloseableHttpClient.execute(CloseableHttpClient.java:72)
	at org.apache.http.impl.client.CloseableHttpClient.execute(CloseableHttpClient.java:57)
	at org.openqa.selenium.remote.HttpCommandExecutor.fallBackExecute(HttpCommandExecutor.java:215)
	at org.openqa.selenium.remote.HttpCommandExecutor.execute(HttpCommandExecutor.java:184)
	at org.openqa.selenium.remote.RemoteWebDriver.execute(RemoteWebDriver.java:572)
	at io.appium.java_client.AppiumDriver.execute(AppiumDriver.java:180)
	at org.openqa.selenium.remote.RemoteWebDriver.startSession(RemoteWebDriver.java:240)
	at org.openqa.selenium.remote.RemoteWebDriver.<init>(RemoteWebDriver.java:126)
	at org.openqa.selenium.remote.RemoteWebDriver.<init>(RemoteWebDriver.java:153)
	at io.appium.java_client.AppiumDriver.<init>(AppiumDriver.java:109)
	at io.appium.java_client.android.AndroidDriver.<init>(AndroidDriver.java:39)
	at base.MobileAPI.setUpAndroidEnv(MobileAPI.java:172)
	at base.MobileAPI.setUp(MobileAPI.java:141)
	at java.base/jdk.internal.reflect.NativeMethodAccessorImpl.invoke0(Native Method)
	at java.base/jdk.internal.reflect.NativeMethodAccessorImpl.invoke(NativeMethodAccessorImpl.java:62)
	at java.base/jdk.internal.reflect.DelegatingMethodAccessorImpl.invoke(DelegatingMethodAccessorImpl.java:43)
	at java.base/java.lang.reflect.Method.invoke(Method.java:564)
	at org.testng.internal.MethodInvocationHelper.invokeMethod(MethodInvocationHelper.java:86)
	at org.testng.internal.Invoker.invokeConfigurationMethod(Invoker.java:514)
	at org.testng.internal.Invoker.invokeConfigurations(Invoker.java:215)
	at org.testng.internal.Invoker.invokeMethod(Invoker.java:589)
	at org.testng.internal.Invoker.invokeTestMethod(Invoker.java:820)
	at org.testng.internal.Invoker.invokeTestMethods(Invoker.java:1128)
	at org.testng.internal.TestMethodWorker.invokeTestMethods(TestMethodWorker.java:129)
	at org.testng.internal.TestMethodWorker.run(TestMethodWorker.java:112)
	at org.testng.TestRunner.privateRun(TestRunner.java:782)
	at org.testng.TestRunner.run(TestRunner.java:632)
	at org.testng.SuiteRunner.runTest(SuiteRunner.java:366)
	at org.testng.SuiteRunner.runSequentially(SuiteRunner.java:361)
	at org.testng.SuiteRunner.privateRun(SuiteRunner.java:319)
	at org.testng.SuiteRunner.run(SuiteRunner.java:268)
	at org.testng.SuiteRunnerWorker.runSuite(SuiteRunnerWorker.java:52)
	at org.testng.SuiteRunnerWorker.run(SuiteRunnerWorker.java:86)
	at org.testng.TestNG.runSuitesSequentially(TestNG.java:1244)
	at org.testng.TestNG.runSuitesLocally(TestNG.java:1169)
	at org.testng.TestNG.run(TestNG.java:1064)
	at org.apache.maven.surefire.testng.TestNGExecutor.run(TestNGExecutor.java:283)
	at org.apache.maven.surefire.testng.TestNGXmlTestSuite.execute(TestNGXmlTestSuite.java:75)
	at org.apache.maven.surefire.testng.TestNGProvider.invoke(TestNGProvider.java:120)
	at org.apache.maven.surefire.booter.ForkedBooter.invokeProviderInSameClassLoader(ForkedBooter.java:373)
	at org.apache.maven.surefire.booter.ForkedBooter.runSuitesInProcess(ForkedBooter.java:334)
	at org.apache.maven.surefire.booter.ForkedBooter.execute(ForkedBooter.java:119)
	at org.apache.maven.surefire.booter.ForkedBooter.main(ForkedBooter.java:407)
]]></failure>
    <system-out><![CDATA[Extent Report directory: C:\Users\Rabeka\IdeaProjects\Team_3_Mobile_Automation_Framework_Project\GoogleMap\target\surefire-reports\html
]]></system-out>
    <system-err><![CDATA[Jan 20, 2018 1:15:50 AM com.relevantcodes.extentreports.ExtentReports loadConfig
WARNING: Unable to perform report configuration. The file C:\Users\Rabeka\IdeaProjects\Team_3_Mobile_Automation_Framework_Project\GoogleMap\report-config.xml was not found.
]]></system-err>
  </testcase>
  <testcase name="setUp" classname="testCases.testHomePage" time="0">
    <skipped/>
  </testcase>
  <testcase name="setUp" classname="testCases.testHomePage" time="0">
    <skipped/>
  </testcase>
  <testcase name="setUp" classname="testCases.testHomePage" time="0">
    <skipped/>
  </testcase>
  <testcase name="setUp" classname="testCases.testHomePage" time="0">
    <skipped/>
  </testcase>
  <testcase name="setUp" classname="testCases.testHomePage" time="0">
    <skipped/>
  </testcase>
  <testcase name="setUp" classname="testCases.testHomePage" time="0">
    <skipped/>
  </testcase>
  <testcase name="setUp" classname="testCases.testHomePage" time="0">
    <skipped/>
  </testcase>
  <testcase name="setUp" classname="testCases.testHomePage" time="0">
    <skipped/>
  </testcase>
  <testcase name="setUp" classname="testCases.testHomePage" time="0">
    <skipped/>
  </testcase>
  <testcase name="setUp" classname="testCases.testHomePage" time="0">
    <skipped/>
  </testcase>
  <testcase name="setUp" classname="testCases.testHomePage" time="0">
    <skipped/>
  </testcase>
  <testcase name="setUp" classname="testCases.testHomePage" time="0">
    <skipped/>
  </testcase>
  <testcase name="setUp" classname="testCases.testHomePage" time="0">
    <skipped/>
  </testcase>
  <testcase name="setUp" classname="testCases.testHomePage" time="0">
    <skipped/>
  </testcase>
  <testcase name="setUp" classname="testCases.testHomePage" time="0">
    <skipped/>
  </testcase>
  <testcase name="setUp" classname="testCases.testHomePage" time="0">
    <skipped/>
  </testcase>
  <testcase name="setUp" classname="testCases.testHomePage" time="0">
    <skipped/>
  </testcase>
  <testcase name="startExtent" classname="testCases.testHomePage" time="0">
    <skipped/>
  </testcase>
  <testcase name="startExtent" classname="testCases.testHomePage" time="0">
    <skipped/>
  </testcase>
  <testcase name="startExtent" classname="testCases.testHomePage" time="0">
    <skipped/>
  </testcase>
  <testcase name="startExtent" classname="testCases.testHomePage" time="0">
    <skipped/>
  </testcase>
  <testcase name="startExtent" classname="testCases.testHomePage" time="0">
    <skipped/>
  </testcase>
  <testcase name="startExtent" classname="testCases.testHomePage" time="0">
    <skipped/>
  </testcase>
  <testcase name="startExtent" classname="testCases.testHomePage" time="0">
    <skipped/>
  </testcase>
  <testcase name="startExtent" classname="testCases.testHomePage" time="0">
    <skipped/>
  </testcase>
  <testcase name="startExtent" classname="testCases.testHomePage" time="0">
    <skipped/>
  </testcase>
  <testcase name="startExtent" classname="testCases.testHomePage" time="0">
    <skipped/>
  </testcase>
  <testcase name="startExtent" classname="testCases.testHomePage" time="0">
    <skipped/>
  </testcase>
  <testcase name="startExtent" classname="testCases.testHomePage" time="0">
    <skipped/>
  </testcase>
  <testcase name="startExtent" classname="testCases.testHomePage" time="0">
    <skipped/>
  </testcase>
  <testcase name="startExtent" classname="testCases.testHomePage" time="0">
    <skipped/>
  </testcase>
  <testcase name="startExtent" classname="testCases.testHomePage" time="0">
    <skipped/>
  </testcase>
  <testcase name="startExtent" classname="testCases.testHomePage" time="0">
    <skipped/>
  </testcase>
  <testcase name="startExtent" classname="testCases.testHomePage" time="0">
    <skipped/>
  </testcase>
  <testcase name="startExtent" classname="testCases.testHomePage" time="0">
    <skipped/>
  </testcase>
  <testcase name="initializationOfObjects" classname="testCases.testHomePage" time="0">
    <skipped/>
  </testcase>
  <testcase name="initializationOfObjects" classname="testCases.testHomePage" time="0">
    <skipped/>
  </testcase>
  <testcase name="initializationOfObjects" classname="testCases.testHomePage" time="0">
    <skipped/>
  </testcase>
  <testcase name="initializationOfObjects" classname="testCases.testHomePage" time="0">
    <skipped/>
  </testcase>
  <testcase name="initializationOfObjects" classname="testCases.testHomePage" time="0">
    <skipped/>
  </testcase>
  <testcase name="initializationOfObjects" classname="testCases.testHomePage" time="0">
    <skipped/>
  </testcase>
  <testcase name="initializationOfObjects" classname="testCases.testHomePage" time="0">
    <skipped/>
  </testcase>
  <testcase name="initializationOfObjects" classname="testCases.testHomePage" time="0">
    <skipped/>
  </testcase>
  <testcase name="initializationOfObjects" classname="testCases.testHomePage" time="0">
    <skipped/>
  </testcase>
  <testcase name="initializationOfObjects" classname="testCases.testHomePage" time="0">
    <skipped/>
  </testcase>
  <testcase name="initializationOfObjects" classname="testCases.testHomePage" time="0">
    <skipped/>
  </testcase>
  <testcase name="initializationOfObjects" classname="testCases.testHomePage" time="0">
    <skipped/>
  </testcase>
  <testcase name="initializationOfObjects" classname="testCases.testHomePage" time="0">
    <skipped/>
  </testcase>
  <testcase name="initializationOfObjects" classname="testCases.testHomePage" time="0">
    <skipped/>
  </testcase>
  <testcase name="initializationOfObjects" classname="testCases.testHomePage" time="0">
    <skipped/>
  </testcase>
  <testcase name="initializationOfObjects" classname="testCases.testHomePage" time="0">
    <skipped/>
  </testcase>
  <testcase name="initializationOfObjects" classname="testCases.testHomePage" time="0">
    <skipped/>
  </testcase>
  <testcase name="initializationOfObjects" classname="testCases.testHomePage" time="0">
    <skipped/>
  </testcase>
  <testcase name="testAddAMissingPlace" classname="testCases.testHomePage" time="0">
    <skipped/>
  </testcase>
  <testcase name="afterEachTestMethod" classname="testCases.testHomePage" time="0">
    <skipped/>
  </testcase>
  <testcase name="afterEachTestMethod" classname="testCases.testHomePage" time="0">
    <skipped/>
  </testcase>
  <testcase name="afterEachTestMethod" classname="testCases.testHomePage" time="0">
    <skipped/>
  </testcase>
  <testcase name="afterEachTestMethod" classname="testCases.testHomePage" time="0">
    <skipped/>
  </testcase>
  <testcase name="afterEachTestMethod" classname="testCases.testHomePage" time="0">
    <skipped/>
  </testcase>
  <testcase name="afterEachTestMethod" classname="testCases.testHomePage" time="0">
    <skipped/>
  </testcase>
  <testcase name="afterEachTestMethod" classname="testCases.testHomePage" time="0">
    <skipped/>
  </testcase>
  <testcase name="afterEachTestMethod" classname="testCases.testHomePage" time="0">
    <skipped/>
  </testcase>
  <testcase name="afterEachTestMethod" classname="testCases.testHomePage" time="0">
    <skipped/>
  </testcase>
  <testcase name="afterEachTestMethod" classname="testCases.testHomePage" time="0">
    <skipped/>
  </testcase>
  <testcase name="afterEachTestMethod" classname="testCases.testHomePage" time="0">
    <skipped/>
  </testcase>
  <testcase name="afterEachTestMethod" classname="testCases.testHomePage" time="0">
    <skipped/>
  </testcase>
  <testcase name="afterEachTestMethod" classname="testCases.testHomePage" time="0">
    <skipped/>
  </testcase>
  <testcase name="afterEachTestMethod" classname="testCases.testHomePage" time="0">
    <skipped/>
  </testcase>
  <testcase name="afterEachTestMethod" classname="testCases.testHomePage" time="0">
    <skipped/>
  </testcase>
  <testcase name="afterEachTestMethod" classname="testCases.testHomePage" time="0">
    <skipped/>
  </testcase>
  <testcase name="afterEachTestMethod" classname="testCases.testHomePage" time="0">
    <skipped/>
  </testcase>
  <testcase name="afterEachTestMethod" classname="testCases.testHomePage" time="0">
    <skipped/>
  </testcase>
  <testcase name="testExplore" classname="testCases.testHomePage" time="0">
    <skipped/>
  </testcase>
  <testcase name="testHelp" classname="testCases.testHomePage" time="0">
    <skipped/>
  </testcase>
  <testcase name="testLocationSharing" classname="testCases.testHomePage" time="0">
    <skipped/>
  </testcase>
  <testcase name="testMapTypeSatellite" classname="testCases.testHomePage" time="0">
    <skipped/>
  </testcase>
  <testcase name="testMapTypeTerrain" classname="testCases.testHomePage" time="0">
    <skipped/>
  </testcase>
  <testcase name="testMenu" classname="testCases.testHomePage" time="0">
    <skipped/>
  </testcase>
  <testcase name="testSearch" classname="testCases.testHomePage" time="0">
    <skipped/>
  </testcase>
  <testcase name="testSendFeedBack" classname="testCases.testHomePage" time="0">
    <skipped/>
  </testcase>
  <testcase name="testSetHomeAddressInYourPlace" classname="testCases.testHomePage" time="0">
    <skipped/>
  </testcase>
  <testcase name="testSettings" classname="testCases.testHomePage" time="0">
    <skipped/>
  </testcase>
  <testcase name="testStartDriving" classname="testCases.testHomePage" time="0">
    <skipped/>
  </testcase>
  <testcase name="testStartDrivingTo" classname="testCases.testHomePage" time="0">
    <skipped/>
  </testcase>
  <testcase name="testTermsOfService" classname="testCases.testHomePage" time="0">
    <skipped/>
  </testcase>
  <testcase name="testTipsAndTricks" classname="testCases.testHomePage" time="0">
    <skipped/>
  </testcase>
  <testcase name="testYourCOntribution" classname="testCases.testHomePage" time="0">
    <skipped/>
  </testcase>
  <testcase name="testYourPlaces" classname="testCases.testHomePage" time="0">
    <skipped/>
  </testcase>
  <testcase name="testYourTimeline" classname="testCases.testHomePage" time="0">
    <skipped/>
  </testcase>
  <testcase name="setUp" classname="testCases.testSelectRoutePage" time="0">
    <skipped/>
  </testcase>
  <testcase name="startExtent" classname="testCases.testSelectRoutePage" time="0">
    <skipped/>
  </testcase>
  <testcase name="initializationOfObjects" classname="testCases.testSelectRoutePage" time="0">
    <skipped/>
  </testcase>
  <testcase name="testSelectRoute" classname="testCases.testSelectRoutePage" time="0">
    <skipped/>
  </testcase>
  <testcase name="afterEachTestMethod" classname="testCases.testSelectRoutePage" time="0">
    <skipped/>
  </testcase>
  <testcase name="generateReport" classname="testCases.testHomePage" time="0">
    <skipped/>
  </testcase>
</testsuite>