<?xml version="1.0" encoding="UTF-8"?>
<!-- Generated by org.testng.reporters.JUnitReportReporter -->
<testsuite hostname="Mohammeds-MacBook-Pro-2.local" name="testclasses.TestHomePageItems" tests="8" failures="0" timestamp="26 Jan 2019 05:03:06 GMT" time="84.079" errors="0">
  <testcase name="controlsButtonCheckTest" time="10.550" classname="testclasses.TestHomePageItems"/>
  <testcase name="textFieldsCheckTest" time="10.356" classname="testclasses.TestHomePageItems"/>
  <testcase name="textViewIconCheckTest" time="10.454" classname="testclasses.TestHomePageItems"/>
  <testcase name="pickersIconCheckText" time="10.417" classname="testclasses.TestHomePageItems"/>
  <testcase name="searchBarIconCheckTest" time="10.426" classname="testclasses.TestHomePageItems"/>
  <testcase name="buttonIconCheckTest" time="10.309" classname="testclasses.TestHomePageItems"/>
  <testcase name="textFieldsIconCheckTest" time="10.310" classname="testclasses.TestHomePageItems"/>
  <testcase name="controlsIconCheckTest" time="11.257" classname="testclasses.TestHomePageItems"/>
</testsuite> <!-- testclasses.TestHomePageItems -->
