<?xml version="1.0" encoding="UTF-8"?>
<!-- Generated by org.testng.reporters.JUnitReportReporter -->
<testsuite hostname="Mohammeds-MacBook-Pro-2.local" name="testclasses.TestSegments" tests="7" failures="0" timestamp="26 Jan 2019 05:03:06 GMT" time="90.638" errors="0">
  <testcase name="secondSegmentMidTest" time="12.845" classname="testclasses.TestSegments"/>
  <testcase name="segmentTabValidation" time="12.755" classname="testclasses.TestSegments"/>
  <testcase name="secondSegmentLeftTest" time="12.980" classname="testclasses.TestSegments"/>
  <testcase name="firstSegmentMidTest" time="12.845" classname="testclasses.TestSegments"/>
  <testcase name="firstSegmentRightTest" time="13.095" classname="testclasses.TestSegments"/>
  <testcase name="firstSegmentLeftTest" time="13.110" classname="testclasses.TestSegments"/>
  <testcase name="secondSegmentRightTest" time="13.008" classname="testclasses.TestSegments"/>
</testsuite> <!-- testclasses.TestSegments -->
