<?xml version="1.0" encoding="UTF-8"?>
<!-- Generated by org.testng.reporters.JUnitReportReporter -->
<testsuite hostname="Mohammeds-MacBook-Pro-2.local" name="testclasses.TextFieldsTest" tests="5" failures="0" timestamp="26 Jan 2019 05:03:06 GMT" time="97.055" errors="0">
  <testcase name="textFieldPageValidation" time="15.053" classname="testclasses.TextFieldsTest"/>
  <testcase name="fourthTextFieldsTest" time="20.188" classname="testclasses.TextFieldsTest"/>
  <testcase name="thirdTextFieldsTest" time="19.573" classname="testclasses.TextFieldsTest"/>
  <testcase name="secondTextFieldsTest" time="19.769" classname="testclasses.TextFieldsTest"/>
  <testcase name="firstTextFieldsTest" time="22.472" classname="testclasses.TextFieldsTest"/>
</testsuite> <!-- testclasses.TextFieldsTest -->
